20241011-22:36:06.866848000 : Created session
20241011-22:36:12.758809000 : Logon state is not valid for message
20241011-22:36:12.758812000 : Disconnecting
20241011-22:36:42.723413000 : Logon state is not valid for message
20241011-22:36:42.723426000 : Disconnecting
20241011-22:37:12.566448000 : Logon state is not valid for message
20241011-22:37:12.566456000 : Disconnecting
20241011-22:37:42.302360000 : Logon state is not valid for message
20241011-22:37:42.302379000 : Disconnecting
20241011-22:38:12.903887000 : Logon state is not valid for message
20241011-22:38:12.903895000 : Disconnecting
20241011-22:38:42.408675000 : Logon state is not valid for message
20241011-22:38:42.408689000 : Disconnecting
20241011-22:39:12.776026000 : Logon state is not valid for message
20241011-22:39:12.776036000 : Disconnecting
20241011-22:39:42.035608000 : Logon state is not valid for message
20241011-22:39:42.035620000 : Disconnecting
20241011-22:40:12.138837000 : Logon state is not valid for message
20241011-22:40:12.138845000 : Disconnecting
20241011-22:40:42.109692000 : Logon state is not valid for message
20241011-22:40:42.109707000 : Disconnecting
20241011-22:41:12.909942000 : Logon state is not valid for message
20241011-22:41:12.909953000 : Disconnecting
20241011-22:47:59.150599000 : Created session
20241011-22:48:18.344825000 : Logon state is not valid for message
20241011-22:48:18.344981000 : Disconnecting
20241011-22:52:19.952603000 : Created session
20241011-22:53:36.531055000 : Created session
20241011-22:53:42.548816000 : Logon state is not valid for message
20241011-22:53:42.548824000 : Disconnecting
20241011-22:57:40.581520000 : Created session
20241011-22:57:44.426037000 : Logon state is not valid for message
20241011-22:57:44.426039000 : Disconnecting
20241011-22:58:14.375380000 : Logon state is not valid for message
20241011-22:58:14.375390000 : Disconnecting
20241011-22:58:44.190604000 : Logon state is not valid for message
20241011-22:58:44.190616000 : Disconnecting
20241011-22:59:14.866108000 : Logon state is not valid for message
20241011-22:59:14.866120000 : Disconnecting
20241012-21:04:14.262084000 : Created session
20241014-00:39:04.057377000 : Created session
20241014-11:50:24.210713000 : Created session
20241014-11:51:52.361479000 : Logon state is not valid for message
20241014-11:51:52.361488000 : Disconnecting
20241014-11:52:22.293084000 : Logon state is not valid for message
20241014-11:52:22.293096000 : Disconnecting
20241014-12:39:02.701825000 : Created session
20241014-12:39:21.865912000 : Logon state is not valid for message
20241014-12:39:21.865919000 : Disconnecting
20241014-12:39:51.782539000 : Logon state is not valid for message
20241014-12:39:51.782551000 : Disconnecting
20241014-13:25:09.206885000 : Created session
20241014-13:25:26.001727000 : Logon state is not valid for message
20241014-13:25:26.001736000 : Disconnecting
20241014-13:25:49.283054000 : Created session
20241014-13:25:52.484640000 : Logon state is not valid for message
20241014-13:25:52.484646000 : Disconnecting
20241014-15:39:21.285866000 : Created session
20241014-15:39:25.425416000 : Logon state is not valid for message
20241014-15:39:25.425423000 : Disconnecting
20241014-15:47:51.696172000 : Created session
20241014-15:47:54.968033000 : Logon state is not valid for message
20241014-15:47:54.968040000 : Disconnecting
20241014-20:43:01.986754000 : Created session
20241014-20:43:06.437884000 : Logon state is not valid for message
20241014-20:43:06.437891000 : Disconnecting
20241014-20:43:36.346501000 : Logon state is not valid for message
20241014-20:43:36.346513000 : Disconnecting
20241014-20:44:06.104778000 : Logon state is not valid for message
20241014-20:44:06.104795000 : Disconnecting
20241014-20:44:36.684711000 : Logon state is not valid for message
20241014-20:44:36.684726000 : Disconnecting
20241014-20:45:06.098664000 : Logon state is not valid for message
20241014-20:45:06.098679000 : Disconnecting
20241014-21:03:45.266090000 : Created session
20241015-13:29:13.220473000 : Created session
20241015-13:30:33.977687000 : Created session
20241015-13:34:42.369352000 : Created session
20241015-13:41:42.969359000 : Created session
20241015-13:45:31.362392000 : Created session
20241015-13:45:34.992576000 : Logon state is not valid for message
20241015-13:45:34.992604000 : Disconnecting
20241015-13:46:47.302944000 : Created session
20241015-13:47:25.276506000 : Created session
20241015-13:47:32.571115000 : Logon state is not valid for message
20241015-13:47:32.571118000 : Disconnecting
20241015-13:54:49.254217000 : Created session
20241015-13:54:53.723677000 : Logon state is not valid for message
20241015-13:54:53.723680000 : Disconnecting
20241015-13:56:26.174344000 : Created session
20241015-13:56:30.706537000 : Logon state is not valid for message
20241015-13:56:30.706543000 : Disconnecting
20241015-14:16:46.917259000 : Created session
20241015-14:48:15.154336000 : Created session
20241015-14:48:32.369430000 : Logon state is not valid for message
20241015-14:48:32.369435000 : Disconnecting
20241015-15:26:38.478984000 : Created session
20241015-15:45:15.408784000 : Created session
20241015-15:45:26.335122000 : Logon state is not valid for message
20241015-15:45:26.335132000 : Disconnecting
20241015-15:45:29.699300000 : Logon state is not valid for message
20241015-15:45:29.699304000 : Disconnecting
20241015-16:04:22.458684000 : Created session
20241015-16:04:29.043521000 : Logon state is not valid for message
20241015-16:04:29.043524000 : Disconnecting
20241015-16:27:08.241981000 : Created session
20241015-16:27:11.120191000 : Logon state is not valid for message
20241015-16:27:11.120193000 : Disconnecting
20241015-16:27:18.148930000 : Logon state is not valid for message
20241015-16:27:18.148933000 : Disconnecting
20241015-16:27:21.085974000 : Logon state is not valid for message
20241015-16:27:21.085977000 : Disconnecting
20241015-16:45:41.455088000 : Created session
20241015-16:45:51.976580000 : Logon state is not valid for message
20241015-16:45:51.976583000 : Disconnecting
20241015-19:09:48.711091000 : Created session
20241015-19:10:00.422828000 : Logon state is not valid for message
20241015-19:10:00.422832000 : Disconnecting
20241015-19:55:01.623943000 : Created session
20241015-19:55:06.649597000 : Logon state is not valid for message
20241015-19:55:06.649625000 : Disconnecting
20241015-22:24:32.717977000 : Created session
20241015-22:24:39.708047000 : Received logon request
20241015-22:24:39.708118000 : Responding to logon request
20241015-22:24:39.708123000 : MsgSeqNum too high, expecting 15 but received 48
20241015-22:24:39.708165000 : Sent ResendRequest FROM: 15 TO: 0
20241015-22:24:39.708308000 : Received SequenceReset FROM: 15 TO: 49
20241017-19:11:18.147352000 : Created session
20241017-19:11:23.827492000 : Received logon request
20241017-19:11:23.827639000 : Responding to logon request
20241017-19:11:31.808319000 : Socket Error: Connection reset by peer.
20241017-19:11:31.808464000 : Disconnecting
20241017-19:27:46.588455000 : Created session
20241017-19:27:52.691498000 : Received logon request
20241017-19:27:52.691544000 : Responding to logon request
20241017-19:27:55.198017000 : Socket Error: Connection reset by peer.
20241017-19:27:55.198117000 : Disconnecting
20241023-15:51:08.324668000 : Created session
20241023-15:51:18.183892000 : Received logon request
20241023-15:51:18.184015000 : Responding to logon request
20241023-15:52:08.916124000 : Socket Error: Connection reset by peer.
20241023-15:52:08.916254000 : Disconnecting
20241023-15:57:46.053295000 : Created session
20241023-15:57:47.908930000 : Received logon request
20241023-15:57:47.909002000 : Responding to logon request
20241023-15:57:59.369745000 : Socket Error: Connection reset by peer.
20241023-15:57:59.369849000 : Disconnecting
20241023-15:58:13.794992000 : Received logon request
20241023-15:58:13.795055000 : Responding to logon request
20241023-15:58:22.461655000 : Socket Error: Connection reset by peer.
20241023-15:58:22.461874000 : Disconnecting
